[Licensing::Module] Trying to connect to existing licensing client channel...
Built from '6000.0/respin/6000.0.63f1-b423dd65e13f' branch; Version is '6000.0.63f1 (9438f9b77a46) revision 9713913'; Using compiler version '193933523'; Build Type 'Release'
OS: 'Windows 11  (10.0.26100) 64bit ProfessionalEducation' Language: 'pl' Physical Memory: 15902 MB
BatchMode: 1, IsHumanControllingUs: 0, StartBugReporterOnCrash: 0, Is64bit: 1
Date: 2025-12-20T12:16:51Z
[Licensing::IpcConnector] Successfully connected to: "LicenseClient-user1" at "2025-12-20T12:16:51.3061347Z"

COMMAND LINE ARGUMENTS:
C:\Program Files\Unity\Hub\Editor\6000.0.63f1\Editor\Unity.exe
-adb2
-batchMode
-noUpm
-name
AssetImportWorker2
-projectPath
C:/Users/user1/Documents/GitHub/SecretSanta
-logFile
Logs/AssetImportWorker2.log
-srvPort
57462
-licensingIpc
LicenseClient-user1
-job-worker-count
5
-background-job-worker-count
8
-gc-helper-count
1
-name
AssetImport
Successfully changed project path to: C:/Users/user1/Documents/GitHub/SecretSanta
C:/Users/user1/Documents/GitHub/SecretSanta
[UnityMemory] Configuration Parameters - Can be set up in boot.config
    "memorysetup-bucket-allocator-granularity=16"
    "memorysetup-bucket-allocator-bucket-count=8"
    "memorysetup-bucket-allocator-block-size=33554432"
    "memorysetup-bucket-allocator-block-count=8"
    "memorysetup-main-allocator-block-size=16777216"
    "memorysetup-thread-allocator-block-size=16777216"
    "memorysetup-gfx-main-allocator-block-size=16777216"
    "memorysetup-gfx-thread-allocator-block-size=16777216"
    "memorysetup-cache-allocator-block-size=4194304"
    "memorysetup-typetree-allocator-block-size=2097152"
    "memorysetup-profiler-bucket-allocator-granularity=16"
    "memorysetup-profiler-bucket-allocator-bucket-count=8"
    "memorysetup-profiler-bucket-allocator-block-size=33554432"
    "memorysetup-profiler-bucket-allocator-block-count=8"
    "memorysetup-profiler-allocator-block-size=16777216"
    "memorysetup-profiler-editor-allocator-block-size=1048576"
    "memorysetup-temp-allocator-size-main=16777216"
    "memorysetup-job-temp-allocator-block-size=2097152"
    "memorysetup-job-temp-allocator-block-size-background=1048576"
    "memorysetup-job-temp-allocator-reduction-small-platforms=262144"
    "memorysetup-allocator-temp-initial-block-size-main=262144"
    "memorysetup-allocator-temp-initial-block-size-worker=262144"
    "memorysetup-temp-allocator-size-background-worker=32768"
    "memorysetup-temp-allocator-size-job-worker=262144"
    "memorysetup-temp-allocator-size-preload-manager=33554432"
    "memorysetup-temp-allocator-size-nav-mesh-worker=65536"
    "memorysetup-temp-allocator-size-audio-worker=65536"
    "memorysetup-temp-allocator-size-cloud-worker=32768"
    "memorysetup-temp-allocator-size-gi-baking-worker=262144"
    "memorysetup-temp-allocator-size-gi-baking-worker=262144"
    "memorysetup-temp-allocator-size-gi-baking-worker=262144"
    "memorysetup-temp-allocator-size-gi-baking-worker=262144"
    "memorysetup-temp-allocator-size-gi-baking-worker=262144"
    "memorysetup-temp-allocator-size-gfx=262144"
Player connection [16984]  Target information:

Player connection [16984]  * "[IP] 192.168.3.102 [Port] 0 [Flags] 2 [Guid] 3604728595 [EditorId] 3604728595 [Version] 1048832 [Id] WindowsEditor(7,LAPTOP-FKLN438B) [Debug] 1 [PackageName] WindowsEditor [ProjectName] Editor" 

Player connection [16984] Host joined multi-casting on [225.0.0.222:54997]...
Player connection [16984] Host joined alternative multi-casting on [225.0.0.222:34997]...
JobSystem: Creating JobQueue using job-worker-count value 5
Input System module state changed to: Initialized.
[Physics::Module] Initialized fallback backend.
[Physics::Module] Id: 0xdecafbad
Library Redirect Path: Library/
[Physics::Module] Selected backend.
[Physics::Module] Name: PhysX
[Physics::Module] Id: 0xf2b8ea05
[Physics::Module] SDK Version: 4.1.2
[Physics::Module] Integration Version: 1.0.0
[Physics::Module] Threading Mode: Multi-Threaded
Refreshing native plugins compatible for Editor in 8.00 ms, found 3 plugins.
Preloading 0 native plugins for Editor in 0.00 ms.
Initialize engine version: 6000.0.63f1 (9438f9b77a46)
[Subsystems] Discovering subsystems at path C:/Program Files/Unity/Hub/Editor/6000.0.63f1/Editor/Data/Resources/UnitySubsystems
[Subsystems] Discovering subsystems at path C:/Users/user1/Documents/GitHub/SecretSanta/Assets
GfxDevice: creating device client; kGfxThreadingModeNonThreaded
Direct3D:
    Version:  Direct3D 11.0 [level 11.1]
    Renderer: Intel(R) Iris(R) Xe Graphics (ID=0xa7a1)
    Vendor:   Intel
    VRAM:     7951 MB
    Driver:   32.0.101.7076
Initialize mono
Mono path[0] = 'C:/Program Files/Unity/Hub/Editor/6000.0.63f1/Editor/Data/Managed'
Mono path[1] = 'C:/Program Files/Unity/Hub/Editor/6000.0.63f1/Editor/Data/MonoBleedingEdge/lib/mono/unityjit-win32'
Mono config path = 'C:/Program Files/Unity/Hub/Editor/6000.0.63f1/Editor/Data/MonoBleedingEdge/etc'
Using monoOptions --debugger-agent=transport=dt_socket,embedding=1,server=y,suspend=n,address=127.0.0.1:56480
Begin MonoManager ReloadAssembly
Registering precompiled unity dll's ...
Register platform support module: C:/Program Files/Unity/Hub/Editor/6000.0.63f1/Editor/Data/PlaybackEngines/WindowsStandaloneSupport/UnityEditor.WindowsStandalone.Extensions.dll
Registered in 0.004970 seconds.
- Loaded All Assemblies, in  1.340 seconds
Native extension for WindowsStandalone target not found
[Licensing::Client] Error: HandshakeResponse reported an error:
	ResponseCode: 505
	ResponseStatus: Unsupported protocol version '1.17.4'.
[Licensing::Module] Error: Failed to handshake to channel: "LicenseClient-user1"
[Licensing::IpcConnector] LicenseClient-user1 channel disconnected successfully.
[Licensing::IpcConnector] Successfully connected to: "LicenseClient-user1-6000.0.63" at "2025-12-20T12:16:54.8098503Z"
Mono: successfully reloaded assembly
- Finished resetting the current domain, in  1.072 seconds
Domain Reload Profiling: 2402ms
	BeginReloadAssembly (501ms)
		ExecutionOrderSort (0ms)
		DisableScriptedObjects (0ms)
		BackupInstance (0ms)
		ReleaseScriptingObjects (0ms)
		CreateAndSetChildDomain (3ms)
	RebuildCommonClasses (113ms)
	RebuildNativeTypeToScriptingClass (35ms)
	initialDomainReloadingComplete (137ms)
	LoadAllAssembliesAndSetupDomain (542ms)
		LoadAssemblies (494ms)
		RebuildTransferFunctionScriptingTraits (0ms)
		AnalyzeDomain (530ms)
			TypeCache.Refresh (526ms)
				TypeCache.ScanAssembly (486ms)
			BuildScriptInfoCaches (0ms)
			ResolveRequiredComponents (1ms)
	FinalizeReload (1074ms)
		ReleaseScriptCaches (0ms)
		RebuildScriptCaches (0ms)
		SetupLoadedEditorAssemblies (937ms)
			LogAssemblyErrors (0ms)
			InitializePlatformSupportModulesInManaged (59ms)
			SetLoadedEditorAssemblies (16ms)
			BeforeProcessingInitializeOnLoad (196ms)
			ProcessInitializeOnLoadAttributes (482ms)
			ProcessInitializeOnLoadMethodAttributes (184ms)
			AfterProcessingInitializeOnLoad (0ms)
			EditorAssembliesLoaded (0ms)
		ExecutionOrderSort2 (0ms)
		AwakeInstancesAfterBackupRestoration (0ms)
========================================================================
Worker process is ready to serve import requests
Import Worker Mode flag is 0x00
Begin MonoManager ReloadAssembly
[Licensing::Module] Licensing is not yet initialized.
[Licensing::Client] Handshaking with LicensingClient:
  Version:                 1.17.4+4293ba1
  Session Id:              71e9780c02934cb18462b0fdb6470ad2
  Correlation Id:          c6b29ef66b6ebb8ba1188213bd2303da
  External correlation Id: 5681923368633801903
  Machine Id:              LdbEWP8jXxaw581aEGTFQL/0Ljc=
[Licensing::Module] Successfully connected to LicensingClient on channel: "LicenseClient-user1-6000.0.63" (connect: 0.00s, validation: 0.00s, handshake: 2.87s)
[Licensing::IpcConnector] Successfully connected to: "LicenseClient-user1-6000.0.63-notifications" at "2025-12-20T12:16:57.6805641Z"
[Licensing::Module] Licensing Background thread has ended after 6.38s
[Licensing::Module] Licensing is initialized (took 1.60s).
[Licensing::Client] Successfully resolved entitlement details
[Licensing::Module] License group:
  Id: 7972409568908-UnityPersXXXX
  Product: Unity Personal
  Type: Assigned
  Expiration: Unlimited
- Loaded All Assemblies, in  3.966 seconds
Refreshing native plugins compatible for Editor in 2.22 ms, found 3 plugins.
Native extension for WindowsStandalone target not found
Package Manager log level set to [2]
[Package Manager] Failed to launch server process. Reason: Unity was launched with the -noUpm command-line argument
[Package Manager] Unable to send message (not connected to server process).
[Package Manager] Cannot connect to Unity Package Manager local server
Mono: successfully reloaded assembly
- Finished resetting the current domain, in  1.731 seconds
Domain Reload Profiling: 5686ms
	BeginReloadAssembly (2134ms)
		ExecutionOrderSort (0ms)
		DisableScriptedObjects (23ms)
		BackupInstance (0ms)
		ReleaseScriptingObjects (0ms)
		CreateAndSetChildDomain (83ms)
	RebuildCommonClasses (111ms)
	RebuildNativeTypeToScriptingClass (38ms)
	initialDomainReloadingComplete (152ms)
	LoadAllAssembliesAndSetupDomain (1520ms)
		LoadAssemblies (1139ms)
		RebuildTransferFunctionScriptingTraits (0ms)
		AnalyzeDomain (672ms)
			TypeCache.Refresh (543ms)
				TypeCache.ScanAssembly (512ms)
			BuildScriptInfoCaches (102ms)
			ResolveRequiredComponents (18ms)
	FinalizeReload (1731ms)
		ReleaseScriptCaches (0ms)
		RebuildScriptCaches (0ms)
		SetupLoadedEditorAssemblies (1436ms)
			LogAssemblyErrors (0ms)
			InitializePlatformSupportModulesInManaged (6ms)
			SetLoadedEditorAssemblies (14ms)
			BeforeProcessingInitializeOnLoad (427ms)
			ProcessInitializeOnLoadAttributes (943ms)
			ProcessInitializeOnLoadMethodAttributes (41ms)
			AfterProcessingInitializeOnLoad (4ms)
			EditorAssembliesLoaded (1ms)
		ExecutionOrderSort2 (0ms)
		AwakeInstancesAfterBackupRestoration (19ms)
Launched and connected shader compiler UnityShaderCompiler.exe after 0.03 seconds
Refreshing native plugins compatible for Editor in 0.80 ms, found 3 plugins.
Preloading 0 native plugins for Editor in 0.00 ms.
Unloading 0 Unused Serialized files (Serialized files now loaded: 0)
Unloading 3854 unused Assets / (1.2 MB). Loaded Objects now: 4342.
Memory consumption went from 83.0 MB to 81.8 MB.
Total: 6.625300 ms (FindLiveObjects: 0.415300 ms CreateObjectMapping: 0.197500 ms MarkObjects: 4.563600 ms  DeleteObjects: 1.447000 ms)

========================================================================
Received Import Request.
  Time since last request: 10377.290642 seconds.
  path: Assets/sprites/enviroment-20251220T121542Z-3-001
  artifactKey: Guid(f5411bcbe6be2c649b59264497e6919d) Importer(815301076,1909f56bfc062723c751e8b465ee728b)
Start importing Assets/sprites/enviroment-20251220T121542Z-3-001 using Guid(f5411bcbe6be2c649b59264497e6919d) Importer(815301076,1909f56bfc062723c751e8b465ee728b) (PreviewImporter) -> (artifact id: 'f6a464c9d3dae034af3f5b88ee6e49eb') in 0.0037803 seconds
Number of updated asset objects reloaded before import = 0Number of asset objects unloaded after import = 0

========================================================================
Received Import Request.
  Time since last request: 0.969273 seconds.
  path: Assets/sprites/enviroment-20251220T121542Z-3-001/enviroment
  artifactKey: Guid(631d0d8ba4281c24c94c2ecf3ae9579b) Importer(815301076,1909f56bfc062723c751e8b465ee728b)
Start importing Assets/sprites/enviroment-20251220T121542Z-3-001/enviroment using Guid(631d0d8ba4281c24c94c2ecf3ae9579b) Importer(815301076,1909f56bfc062723c751e8b465ee728b) (PreviewImporter) -> (artifact id: 'b3fa8db40d5a22b6d9bf87349c350845') in 0.0007533 seconds
Number of updated asset objects reloaded before import = 0Number of asset objects unloaded after import = 0

========================================================================
Received Import Request.
  Time since last request: 2.036036 seconds.
  path: Assets/sprites/Materials
  artifactKey: Guid(74cd076fb4421cd4bb7387749112bf04) Importer(815301076,1909f56bfc062723c751e8b465ee728b)
Start importing Assets/sprites/Materials using Guid(74cd076fb4421cd4bb7387749112bf04) Importer(815301076,1909f56bfc062723c751e8b465ee728b) (PreviewImporter) -> (artifact id: 'd98d461ef8424d414147b9604e3fa051') in 0.0007658 seconds
Number of updated asset objects reloaded before import = 0Number of asset objects unloaded after import = 0

========================================================================
Received Import Request.
  Time since last request: 0.061652 seconds.
  path: Assets/sprites/Materials/Tree Tall curvy.mat
  artifactKey: Guid(5e3b442875e0fc44891859767293e63b) Importer(815301076,1909f56bfc062723c751e8b465ee728b)
Start importing Assets/sprites/Materials/Tree Tall curvy.mat using Guid(5e3b442875e0fc44891859767293e63b) Importer(815301076,1909f56bfc062723c751e8b465ee728b) (PreviewImporter) -> (artifact id: '23650af03da6e56cb28dca85caeebf2f') in 0.3094972 seconds
Number of updated asset objects reloaded before import = 0Number of asset objects unloaded after import = 2

========================================================================
Received Import Request.
  Time since last request: 1.885584 seconds.
  path: Assets/sprites/characters-20251220T121533Z-3-001
  artifactKey: Guid(3490a58989d19094c808d55000f812b2) Importer(815301076,1909f56bfc062723c751e8b465ee728b)
Start importing Assets/sprites/characters-20251220T121533Z-3-001 using Guid(3490a58989d19094c808d55000f812b2) Importer(815301076,1909f56bfc062723c751e8b465ee728b) (PreviewImporter) -> (artifact id: 'ced161708af98fd2972e9ae39b02e3f0') in 0.0005954 seconds
Number of updated asset objects reloaded before import = 0Number of asset objects unloaded after import = 0

========================================================================
Received Import Request.
  Time since last request: 0.729569 seconds.
  path: Assets/sprites/characters-20251220T121533Z-3-001/characters
  artifactKey: Guid(7bce7be5f7110d24e98f767f4ccc2d80) Importer(815301076,1909f56bfc062723c751e8b465ee728b)
Start importing Assets/sprites/characters-20251220T121533Z-3-001/characters using Guid(7bce7be5f7110d24e98f767f4ccc2d80) Importer(815301076,1909f56bfc062723c751e8b465ee728b) (PreviewImporter) -> (artifact id: 'c188c95baa7aa28bec3b95c7ddb9ffb0') in 0.0005514 seconds
Number of updated asset objects reloaded before import = 0Number of asset objects unloaded after import = 0

========================================================================
Received Import Request.
  Time since last request: 21.769340 seconds.
  path: Assets/sprites/characters/alien.png
  artifactKey: Guid(f41c73a3b65c92f43a043fb8e04aea3c) Importer(815301076,1909f56bfc062723c751e8b465ee728b)
Start importing Assets/sprites/characters/alien.png using Guid(f41c73a3b65c92f43a043fb8e04aea3c) Importer(815301076,1909f56bfc062723c751e8b465ee728b) (PreviewImporter) -> (artifact id: 'b0fab88d07983b2fe424ab72a490e258') in 0.0529882 seconds
Number of updated asset objects reloaded before import = 0Number of asset objects unloaded after import = 2

========================================================================
Received Import Request.
  Time since last request: 0.000121 seconds.
  path: Assets/sprites/characters/red dog.png
  artifactKey: Guid(a5c42250a81074041b19eb4dacc1db34) Importer(815301076,1909f56bfc062723c751e8b465ee728b)
Start importing Assets/sprites/characters/red dog.png using Guid(a5c42250a81074041b19eb4dacc1db34) Importer(815301076,1909f56bfc062723c751e8b465ee728b) (PreviewImporter) -> (artifact id: '345bdce08adf7539a7342624df4c0bb3') in 0.0311647 seconds
Number of updated asset objects reloaded before import = 0Number of asset objects unloaded after import = 2

========================================================================
Received Import Request.
  Time since last request: 8.870107 seconds.
  path: Assets/sprites/characters/stalker.png
  artifactKey: Guid(f2bb954f613fec7408e2e2f752e706a9) Importer(815301076,1909f56bfc062723c751e8b465ee728b)
Start importing Assets/sprites/characters/stalker.png using Guid(f2bb954f613fec7408e2e2f752e706a9) Importer(815301076,1909f56bfc062723c751e8b465ee728b) (PreviewImporter) -> (artifact id: 'f99d928766d9762a5ee1ce735c3a2e4f') in 0.0300054 seconds
Number of updated asset objects reloaded before import = 0Number of asset objects unloaded after import = 2

========================================================================
Received Import Request.
  Time since last request: 33.170181 seconds.
  path: Assets/sprites/characters/stalker.png
  artifactKey: Guid(f2bb954f613fec7408e2e2f752e706a9) Importer(815301076,1909f56bfc062723c751e8b465ee728b)
Start importing Assets/sprites/characters/stalker.png using Guid(f2bb954f613fec7408e2e2f752e706a9) Importer(815301076,1909f56bfc062723c751e8b465ee728b) (PreviewImporter) -> (artifact id: 'd4a1e961f29f4450745a7b3647528f4b') in 0.0422772 seconds
Number of updated asset objects reloaded before import = 0Number of asset objects unloaded after import = 3

========================================================================
Received Import Request.
  Time since last request: 7.385320 seconds.
  path: Assets/sprites/characters/red dog.png
  artifactKey: Guid(a5c42250a81074041b19eb4dacc1db34) Importer(815301076,1909f56bfc062723c751e8b465ee728b)
Start importing Assets/sprites/characters/red dog.png using Guid(a5c42250a81074041b19eb4dacc1db34) Importer(815301076,1909f56bfc062723c751e8b465ee728b) (PreviewImporter) -> (artifact id: '9586204a0345c456ca7cbc6aa2fd1214') in 0.0304923 seconds
Number of updated asset objects reloaded before import = 0Number of asset objects unloaded after import = 3

========================================================================
Received Import Request.
  Time since last request: 11.452013 seconds.
  path: Assets/sprites/characters/alien space ship.png
  artifactKey: Guid(155fdb7546438b74f9eb8de2ccedb802) Importer(815301076,1909f56bfc062723c751e8b465ee728b)
Start importing Assets/sprites/characters/alien space ship.png using Guid(155fdb7546438b74f9eb8de2ccedb802) Importer(815301076,1909f56bfc062723c751e8b465ee728b) (PreviewImporter) -> (artifact id: '31258ffa5ebaa37210364303e541e7df') in 0.0428311 seconds
Number of updated asset objects reloaded before import = 0Number of asset objects unloaded after import = 3

========================================================================
Received Import Request.
  Time since last request: 0.001411 seconds.
  path: Assets/sprites/characters/alien.png
  artifactKey: Guid(f41c73a3b65c92f43a043fb8e04aea3c) Importer(815301076,1909f56bfc062723c751e8b465ee728b)
Start importing Assets/sprites/characters/alien.png using Guid(f41c73a3b65c92f43a043fb8e04aea3c) Importer(815301076,1909f56bfc062723c751e8b465ee728b) (PreviewImporter) -> (artifact id: '65099c912b1913f3ac77b9559edbd66f') in 0.0315901 seconds
Number of updated asset objects reloaded before import = 0Number of asset objects unloaded after import = 3

========================================================================
Received Import Request.
  Time since last request: 0.000127 seconds.
  path: Assets/sprites/characters/guineapig home.png
  artifactKey: Guid(526141396d02ef64cb153c65f9aab200) Importer(815301076,1909f56bfc062723c751e8b465ee728b)
Start importing Assets/sprites/characters/guineapig home.png using Guid(526141396d02ef64cb153c65f9aab200) Importer(815301076,1909f56bfc062723c751e8b465ee728b) (PreviewImporter) -> (artifact id: 'cec591fe963f79354354cf84a976a331') in 0.030658 seconds
Number of updated asset objects reloaded before import = 0Number of asset objects unloaded after import = 3

========================================================================
Received Import Request.
  Time since last request: 2.903432 seconds.
  path: Assets/sprites/enviroment/gate.png
  artifactKey: Guid(db79ed19e87573e4d82a229fc38fe4ea) Importer(815301076,1909f56bfc062723c751e8b465ee728b)
Start importing Assets/sprites/enviroment/gate.png using Guid(db79ed19e87573e4d82a229fc38fe4ea) Importer(815301076,1909f56bfc062723c751e8b465ee728b) (PreviewImporter) -> (artifact id: '3a9b0e19305a35a9abcadd14b1039e5c') in 0.0310785 seconds
Number of updated asset objects reloaded before import = 0Number of asset objects unloaded after import = 2

========================================================================
Received Import Request.
  Time since last request: 0.000083 seconds.
  path: Assets/sprites/enviroment/Tree Tall curvy.png
  artifactKey: Guid(69c8737bd3772144780996d17fafdc19) Importer(815301076,1909f56bfc062723c751e8b465ee728b)
Start importing Assets/sprites/enviroment/Tree Tall curvy.png using Guid(69c8737bd3772144780996d17fafdc19) Importer(815301076,1909f56bfc062723c751e8b465ee728b) (PreviewImporter) -> (artifact id: 'e6a9beea557600f302b0ed3ec6560f67') in 0.0298378 seconds
Number of updated asset objects reloaded before import = 0Number of asset objects unloaded after import = 2

========================================================================
Received Import Request.
  Time since last request: 0.000068 seconds.
  path: Assets/sprites/enviroment/Tree Tall straight.png
  artifactKey: Guid(9a677044ce96b7c478424a0551d13aa1) Importer(815301076,1909f56bfc062723c751e8b465ee728b)
Start importing Assets/sprites/enviroment/Tree Tall straight.png using Guid(9a677044ce96b7c478424a0551d13aa1) Importer(815301076,1909f56bfc062723c751e8b465ee728b) (PreviewImporter) -> (artifact id: 'b85dac111e49fd22adb88549a6821b71') in 0.0297772 seconds
Number of updated asset objects reloaded before import = 0Number of asset objects unloaded after import = 2

========================================================================
Received Import Request.
  Time since last request: 0.000102 seconds.
  path: Assets/sprites/enviroment/wall.png
  artifactKey: Guid(63e3c81cfeb18754c948584b5950f45a) Importer(815301076,1909f56bfc062723c751e8b465ee728b)
Start importing Assets/sprites/enviroment/wall.png using Guid(63e3c81cfeb18754c948584b5950f45a) Importer(815301076,1909f56bfc062723c751e8b465ee728b) (PreviewImporter) -> (artifact id: 'e26dea8c6c6c1a52b8655dbf8d7d6031') in 0.0282307 seconds
Number of updated asset objects reloaded before import = 0Number of asset objects unloaded after import = 2

========================================================================
Received Import Request.
  Time since last request: 10.684328 seconds.
  path: Assets/sprites/enviroment/Tree Tall straight.png
  artifactKey: Guid(9a677044ce96b7c478424a0551d13aa1) Importer(815301076,1909f56bfc062723c751e8b465ee728b)
Start importing Assets/sprites/enviroment/Tree Tall straight.png using Guid(9a677044ce96b7c478424a0551d13aa1) Importer(815301076,1909f56bfc062723c751e8b465ee728b) (PreviewImporter) -> (artifact id: '2160808145bdb280c270b13cbbc5b4f2') in 0.0347154 seconds
Number of updated asset objects reloaded before import = 0Number of asset objects unloaded after import = 3

========================================================================
Received Import Request.
  Time since last request: 0.007198 seconds.
  path: Assets/sprites/enviroment/gate.png
  artifactKey: Guid(db79ed19e87573e4d82a229fc38fe4ea) Importer(815301076,1909f56bfc062723c751e8b465ee728b)
Start importing Assets/sprites/enviroment/gate.png using Guid(db79ed19e87573e4d82a229fc38fe4ea) Importer(815301076,1909f56bfc062723c751e8b465ee728b) (PreviewImporter) -> (artifact id: '601da150383784cf801b45db98c299d0') in 0.0387644 seconds
Number of updated asset objects reloaded before import = 0Number of asset objects unloaded after import = 3

========================================================================
Received Import Request.
  Time since last request: 0.000124 seconds.
  path: Assets/sprites/enviroment/tree medium slim.png
  artifactKey: Guid(ce74a9acd0a8ae54297818a245108cb4) Importer(815301076,1909f56bfc062723c751e8b465ee728b)
Start importing Assets/sprites/enviroment/tree medium slim.png using Guid(ce74a9acd0a8ae54297818a245108cb4) Importer(815301076,1909f56bfc062723c751e8b465ee728b) (PreviewImporter) -> (artifact id: '3f520da4a19bf6095ffde304ce24374e') in 0.0351506 seconds
Number of updated asset objects reloaded before import = 0Number of asset objects unloaded after import = 3

========================================================================
Received Import Request.
  Time since last request: 0.000033 seconds.
  path: Assets/sprites/enviroment/pond.png
  artifactKey: Guid(e5c3fb056014d194b9bbd25e4efe3ae8) Importer(815301076,1909f56bfc062723c751e8b465ee728b)
Start importing Assets/sprites/enviroment/pond.png using Guid(e5c3fb056014d194b9bbd25e4efe3ae8) Importer(815301076,1909f56bfc062723c751e8b465ee728b) (PreviewImporter) -> (artifact id: 'f586ef65477c3a2b963a3d5b92139906') in 0.0398949 seconds
Number of updated asset objects reloaded before import = 0Number of asset objects unloaded after import = 3

========================================================================
Received Import Request.
  Time since last request: 23.810459 seconds.
  path: Assets/sprites/grass tile.png
  artifactKey: Guid(3aed6a31dcf1a66439e4d4f5359e587d) Importer(815301076,1909f56bfc062723c751e8b465ee728b)
Start importing Assets/sprites/grass tile.png using Guid(3aed6a31dcf1a66439e4d4f5359e587d) Importer(815301076,1909f56bfc062723c751e8b465ee728b) (PreviewImporter) -> (artifact id: 'eca9ed5ba629a5c74ac09d64a555b89f') in 0.0298041 seconds
Number of updated asset objects reloaded before import = 0Number of asset objects unloaded after import = 2

========================================================================
Received Prepare
Begin MonoManager ReloadAssembly
[Licensing::Client] Successfully resolved entitlement details
IOException: Sharing violation on path C:\Users\user1\Documents\GitHub\SecretSanta\ProjectSettings\Packages\com.unity.testtools.codecoverage\Settings.json
  at System.IO.FileStream..ctor (System.String path, System.IO.FileMode mode, System.IO.FileAccess access, System.IO.FileShare share, System.Int32 bufferSize, System.Boolean anonymous, System.IO.FileOptions options) [0x0019e] in <932fbe8ac5a946808aa5d7b95844e18c>:0 
  at System.IO.FileStream..ctor (System.String path, System.IO.FileMode mode, System.IO.FileAccess access, System.IO.FileShare share, System.Int32 bufferSize, System.IO.FileOptions options) [0x00000] in <932fbe8ac5a946808aa5d7b95844e18c>:0 
  at (wrapper remoting-invoke-with-check) System.IO.FileStream..ctor(string,System.IO.FileMode,System.IO.FileAccess,System.IO.FileShare,int,System.IO.FileOptions)
  at System.IO.StreamWriter..ctor (System.String path, System.Boolean append, System.Text.Encoding encoding, System.Int32 bufferSize) [0x00055] in <932fbe8ac5a946808aa5d7b95844e18c>:0 
  at System.IO.StreamWriter..ctor (System.String path) [0x00008] in <932fbe8ac5a946808aa5d7b95844e18c>:0 
  at (wrapper remoting-invoke-with-check) System.IO.StreamWriter..ctor(string)
  at System.IO.File.WriteAllText (System.String path, System.String contents) [0x00026] in <932fbe8ac5a946808aa5d7b95844e18c>:0 
  at UnityEditor.SettingsManagement.FileSettingsRepository.Save () [0x00117] in .\Library\PackageCache\com.unity.settings-manager@41738c275190\Editor\FileSettingsRepository.cs:152 
  at UnityEditor.AssemblyReloadEvents.OnBeforeAssemblyReload () [0x00017] in <d475b9c55d8a445fb3e743bfa0c5487f>:0 

(Filename: ./Library/PackageCache/com.unity.settings-manager@41738c275190/Editor/FileSettingsRepository.cs Line: 152)

- Loaded All Assemblies, in  1.455 seconds
Refreshing native plugins compatible for Editor in 1.61 ms, found 3 plugins.
Native extension for WindowsStandalone target not found
[Package Manager] Failed to launch server process. Reason: Unity was launched with the -noUpm command-line argument
[Package Manager] Unable to send message (not connected to server process).
[Package Manager] Cannot connect to Unity Package Manager local server
Mono: successfully reloaded assembly
- Finished resetting the current domain, in  1.856 seconds
Domain Reload Profiling: 3310ms
	BeginReloadAssembly (410ms)
		ExecutionOrderSort (0ms)
		DisableScriptedObjects (10ms)
		BackupInstance (0ms)
		ReleaseScriptingObjects (0ms)
		CreateAndSetChildDomain (82ms)
	RebuildCommonClasses (89ms)
	RebuildNativeTypeToScriptingClass (28ms)
	initialDomainReloadingComplete (59ms)
	LoadAllAssembliesAndSetupDomain (867ms)
		LoadAssemblies (719ms)
		RebuildTransferFunctionScriptingTraits (0ms)
		AnalyzeDomain (355ms)
			TypeCache.Refresh (10ms)
				TypeCache.ScanAssembly (0ms)
			BuildScriptInfoCaches (326ms)
			ResolveRequiredComponents (11ms)
	FinalizeReload (1857ms)
		ReleaseScriptCaches (0ms)
		RebuildScriptCaches (0ms)
		SetupLoadedEditorAssemblies (1559ms)
			LogAssemblyErrors (0ms)
			InitializePlatformSupportModulesInManaged (5ms)
			SetLoadedEditorAssemblies (16ms)
			BeforeProcessingInitializeOnLoad (386ms)
			ProcessInitializeOnLoadAttributes (1065ms)
			ProcessInitializeOnLoadMethodAttributes (74ms)
			AfterProcessingInitializeOnLoad (12ms)
			EditorAssembliesLoaded (1ms)
		ExecutionOrderSort2 (0ms)
		AwakeInstancesAfterBackupRestoration (18ms)
Refreshing native plugins compatible for Editor in 2.34 ms, found 3 plugins.
Preloading 0 native plugins for Editor in 0.00 ms.
Unloading 0 Unused Serialized files (Serialized files now loaded: 0)
Unloading 3852 unused Assets / (0.7 MB). Loaded Objects now: 4408.
Memory consumption went from 88.6 MB to 87.9 MB.
Total: 8.648300 ms (FindLiveObjects: 0.598400 ms CreateObjectMapping: 0.410800 ms MarkObjects: 6.645600 ms  DeleteObjects: 0.991200 ms)

Prepare: number of updated asset objects reloaded= 0
========================================================================
Received Import Request.
  Time since last request: 67.390826 seconds.
  path: Assets/sprites/Materials/grass tile.mat
  artifactKey: Guid(dd294f83b6a541947a184ea6b1867fac) Importer(815301076,1909f56bfc062723c751e8b465ee728b)
Start importing Assets/sprites/Materials/grass tile.mat using Guid(dd294f83b6a541947a184ea6b1867fac) Importer(815301076,1909f56bfc062723c751e8b465ee728b) (PreviewImporter) -> (artifact id: '9efef18d19be26b037dd0c6399178765') in 0.1610069 seconds
Number of updated asset objects reloaded before import = 0Number of asset objects unloaded after import = 2

========================================================================
Received Import Request.
  Time since last request: 40.777281 seconds.
  path: Assets/sprites/Materials/grass tile.mat
  artifactKey: Guid(dd294f83b6a541947a184ea6b1867fac) Importer(815301076,1909f56bfc062723c751e8b465ee728b)
Start importing Assets/sprites/Materials/grass tile.mat using Guid(dd294f83b6a541947a184ea6b1867fac) Importer(815301076,1909f56bfc062723c751e8b465ee728b) (PreviewImporter) -> (artifact id: '5f097772626d81e04db52f6d739c107a') in 0.029966 seconds
Number of updated asset objects reloaded before import = 0Number of asset objects unloaded after import = 2

========================================================================
Received Prepare
Begin MonoManager ReloadAssembly
[Licensing::Client] Successfully resolved entitlement details
- Loaded All Assemblies, in  1.215 seconds
Refreshing native plugins compatible for Editor in 3.31 ms, found 3 plugins.
Native extension for WindowsStandalone target not found
[Package Manager] Failed to launch server process. Reason: Unity was launched with the -noUpm command-line argument
[Package Manager] Unable to send message (not connected to server process).
[Package Manager] Cannot connect to Unity Package Manager local server
Mono: successfully reloaded assembly
- Finished resetting the current domain, in  1.840 seconds
Domain Reload Profiling: 3057ms
	BeginReloadAssembly (346ms)
		ExecutionOrderSort (0ms)
		DisableScriptedObjects (13ms)
		BackupInstance (0ms)
		ReleaseScriptingObjects (0ms)
		CreateAndSetChildDomain (76ms)
	RebuildCommonClasses (64ms)
	RebuildNativeTypeToScriptingClass (17ms)
	initialDomainReloadingComplete (57ms)
	LoadAllAssembliesAndSetupDomain (731ms)
		LoadAssemblies (616ms)
		RebuildTransferFunctionScriptingTraits (0ms)
		AnalyzeDomain (295ms)
			TypeCache.Refresh (9ms)
				TypeCache.ScanAssembly (0ms)
			BuildScriptInfoCaches (265ms)
			ResolveRequiredComponents (14ms)
	FinalizeReload (1842ms)
		ReleaseScriptCaches (0ms)
		RebuildScriptCaches (0ms)
		SetupLoadedEditorAssemblies (1436ms)
			LogAssemblyErrors (0ms)
			InitializePlatformSupportModulesInManaged (6ms)
			SetLoadedEditorAssemblies (11ms)
			BeforeProcessingInitializeOnLoad (350ms)
			ProcessInitializeOnLoadAttributes (997ms)
			ProcessInitializeOnLoadMethodAttributes (61ms)
			AfterProcessingInitializeOnLoad (11ms)
			EditorAssembliesLoaded (1ms)
		ExecutionOrderSort2 (0ms)
		AwakeInstancesAfterBackupRestoration (16ms)
Refreshing native plugins compatible for Editor in 1.14 ms, found 3 plugins.
Preloading 0 native plugins for Editor in 0.00 ms.
Unloading 0 Unused Serialized files (Serialized files now loaded: 0)
Unloading 3852 unused Assets / (1.0 MB). Loaded Objects now: 4409.
Memory consumption went from 88.6 MB to 87.5 MB.
Total: 11.342900 ms (FindLiveObjects: 0.639500 ms CreateObjectMapping: 0.659700 ms MarkObjects: 8.239500 ms  DeleteObjects: 1.802000 ms)

Prepare: number of updated asset objects reloaded= 0
========================================================================
Received Import Request.
  Time since last request: 44.528686 seconds.
  path: Assets/sprites/Materials/grass tile.mat
  artifactKey: Guid(dd294f83b6a541947a184ea6b1867fac) Importer(815301076,1909f56bfc062723c751e8b465ee728b)
Start importing Assets/sprites/Materials/grass tile.mat using Guid(dd294f83b6a541947a184ea6b1867fac) Importer(815301076,1909f56bfc062723c751e8b465ee728b) (PreviewImporter) -> (artifact id: 'd75b21e1aa402db1f9c0362512a2ea92') in 0.1322468 seconds
Number of updated asset objects reloaded before import = 0Number of asset objects unloaded after import = 2

========================================================================
Received Import Request.
  Time since last request: 5.824168 seconds.
  path: Assets/sprites/Materials/grass tile.mat
  artifactKey: Guid(dd294f83b6a541947a184ea6b1867fac) Importer(815301076,1909f56bfc062723c751e8b465ee728b)
Start importing Assets/sprites/Materials/grass tile.mat using Guid(dd294f83b6a541947a184ea6b1867fac) Importer(815301076,1909f56bfc062723c751e8b465ee728b) (PreviewImporter) -> (artifact id: '27479caa6f1b8fd0f4004191530063de') in 0.0375558 seconds
Number of updated asset objects reloaded before import = 0Number of asset objects unloaded after import = 2

========================================================================
Received Prepare
Begin MonoManager ReloadAssembly
- Loaded All Assemblies, in  1.288 seconds
Refreshing native plugins compatible for Editor in 1.19 ms, found 3 plugins.
Native extension for WindowsStandalone target not found
[Package Manager] Failed to launch server process. Reason: Unity was launched with the -noUpm command-line argument
[Package Manager] Unable to send message (not connected to server process).
[Package Manager] Cannot connect to Unity Package Manager local server
Mono: successfully reloaded assembly
- Finished resetting the current domain, in  1.711 seconds
Domain Reload Profiling: 2995ms
	BeginReloadAssembly (340ms)
		ExecutionOrderSort (0ms)
		DisableScriptedObjects (7ms)
		BackupInstance (0ms)
		ReleaseScriptingObjects (0ms)
		CreateAndSetChildDomain (71ms)
	RebuildCommonClasses (64ms)
	RebuildNativeTypeToScriptingClass (23ms)
	initialDomainReloadingComplete (51ms)
	LoadAllAssembliesAndSetupDomain (804ms)
		LoadAssemblies (664ms)
		RebuildTransferFunctionScriptingTraits (0ms)
		AnalyzeDomain (317ms)
			TypeCache.Refresh (8ms)
				TypeCache.ScanAssembly (0ms)
			BuildScriptInfoCaches (286ms)
			ResolveRequiredComponents (14ms)
	FinalizeReload (1713ms)
		ReleaseScriptCaches (0ms)
		RebuildScriptCaches (0ms)
		SetupLoadedEditorAssemblies (1426ms)
			LogAssemblyErrors (0ms)
			InitializePlatformSupportModulesInManaged (7ms)
			SetLoadedEditorAssemblies (12ms)
			BeforeProcessingInitializeOnLoad (338ms)
			ProcessInitializeOnLoadAttributes (987ms)
			ProcessInitializeOnLoadMethodAttributes (66ms)
			AfterProcessingInitializeOnLoad (15ms)
			EditorAssembliesLoaded (1ms)
		ExecutionOrderSort2 (0ms)
		AwakeInstancesAfterBackupRestoration (12ms)
Refreshing native plugins compatible for Editor in 3.71 ms, found 3 plugins.
Preloading 0 native plugins for Editor in 0.00 ms.
Unloading 0 Unused Serialized files (Serialized files now loaded: 0)
Unloading 3852 unused Assets / (1.1 MB). Loaded Objects now: 4410.
Memory consumption went from 88.6 MB to 87.5 MB.
Total: 12.971400 ms (FindLiveObjects: 0.668500 ms CreateObjectMapping: 1.182200 ms MarkObjects: 9.418200 ms  DeleteObjects: 1.700500 ms)

Prepare: number of updated asset objects reloaded= 0
========================================================================
Received Prepare
Begin MonoManager ReloadAssembly
[Licensing::Client] Successfully resolved entitlement details
- Loaded All Assemblies, in  1.230 seconds
Refreshing native plugins compatible for Editor in 4.18 ms, found 3 plugins.
Native extension for WindowsStandalone target not found
[Package Manager] Failed to launch server process. Reason: Unity was launched with the -noUpm command-line argument
[Package Manager] Unable to send message (not connected to server process).
[Package Manager] Cannot connect to Unity Package Manager local server
Mono: successfully reloaded assembly
- Finished resetting the current domain, in  1.769 seconds
Domain Reload Profiling: 2999ms
	BeginReloadAssembly (356ms)
		ExecutionOrderSort (0ms)
		DisableScriptedObjects (10ms)
		BackupInstance (0ms)
		ReleaseScriptingObjects (0ms)
		CreateAndSetChildDomain (67ms)
	RebuildCommonClasses (63ms)
	RebuildNativeTypeToScriptingClass (20ms)
	initialDomainReloadingComplete (54ms)
	LoadAllAssembliesAndSetupDomain (736ms)
		LoadAssemblies (619ms)
		RebuildTransferFunctionScriptingTraits (0ms)
		AnalyzeDomain (303ms)
			TypeCache.Refresh (13ms)
				TypeCache.ScanAssembly (0ms)
			BuildScriptInfoCaches (271ms)
			ResolveRequiredComponents (13ms)
	FinalizeReload (1770ms)
		ReleaseScriptCaches (0ms)
		RebuildScriptCaches (0ms)
		SetupLoadedEditorAssemblies (1472ms)
			LogAssemblyErrors (0ms)
			InitializePlatformSupportModulesInManaged (5ms)
			SetLoadedEditorAssemblies (14ms)
			BeforeProcessingInitializeOnLoad (365ms)
			ProcessInitializeOnLoadAttributes (1011ms)
			ProcessInitializeOnLoadMethodAttributes (66ms)
			AfterProcessingInitializeOnLoad (11ms)
			EditorAssembliesLoaded (0ms)
		ExecutionOrderSort2 (0ms)
		AwakeInstancesAfterBackupRestoration (20ms)
Refreshing native plugins compatible for Editor in 1.80 ms, found 3 plugins.
Preloading 0 native plugins for Editor in 0.00 ms.
Unloading 0 Unused Serialized files (Serialized files now loaded: 0)
Unloading 3852 unused Assets / (1.1 MB). Loaded Objects now: 4411.
Memory consumption went from 88.6 MB to 87.5 MB.
Total: 11.004400 ms (FindLiveObjects: 0.685600 ms CreateObjectMapping: 0.452400 ms MarkObjects: 8.029800 ms  DeleteObjects: 1.834400 ms)

Prepare: number of updated asset objects reloaded= 0
========================================================================
Received Import Request.
  Time since last request: 178.925794 seconds.
  path: Assets/sprites/Materials/grass tile.mat
  artifactKey: Guid(dd294f83b6a541947a184ea6b1867fac) Importer(815301076,1909f56bfc062723c751e8b465ee728b)
Start importing Assets/sprites/Materials/grass tile.mat using Guid(dd294f83b6a541947a184ea6b1867fac) Importer(815301076,1909f56bfc062723c751e8b465ee728b) (PreviewImporter) -> (artifact id: 'b4cf1a94c69a7008abd354ff7587b60a') in 0.1813438 seconds
Number of updated asset objects reloaded before import = 0Number of asset objects unloaded after import = 2

========================================================================
Received Prepare
Begin MonoManager ReloadAssembly
[Licensing::Client] Successfully resolved entitlement details
- Loaded All Assemblies, in  1.331 seconds
Refreshing native plugins compatible for Editor in 1.50 ms, found 3 plugins.
Native extension for WindowsStandalone target not found
[Package Manager] Failed to launch server process. Reason: Unity was launched with the -noUpm command-line argument
[Package Manager] Unable to send message (not connected to server process).
[Package Manager] Cannot connect to Unity Package Manager local server
Mono: successfully reloaded assembly
- Finished resetting the current domain, in  1.339 seconds
Domain Reload Profiling: 2670ms
	BeginReloadAssembly (351ms)
		ExecutionOrderSort (0ms)
		DisableScriptedObjects (15ms)
		BackupInstance (0ms)
		ReleaseScriptingObjects (1ms)
		CreateAndSetChildDomain (75ms)
	RebuildCommonClasses (86ms)
	RebuildNativeTypeToScriptingClass (29ms)
	initialDomainReloadingComplete (55ms)
	LoadAllAssembliesAndSetupDomain (809ms)
		LoadAssemblies (669ms)
		RebuildTransferFunctionScriptingTraits (0ms)
		AnalyzeDomain (325ms)
			TypeCache.Refresh (14ms)
				TypeCache.ScanAssembly (0ms)
			BuildScriptInfoCaches (291ms)
			ResolveRequiredComponents (14ms)
	FinalizeReload (1340ms)
		ReleaseScriptCaches (0ms)
		RebuildScriptCaches (0ms)
		SetupLoadedEditorAssemblies (1135ms)
			LogAssemblyErrors (0ms)
			InitializePlatformSupportModulesInManaged (4ms)
			SetLoadedEditorAssemblies (10ms)
			BeforeProcessingInitializeOnLoad (281ms)
			ProcessInitializeOnLoadAttributes (794ms)
			ProcessInitializeOnLoadMethodAttributes (40ms)
			AfterProcessingInitializeOnLoad (6ms)
			EditorAssembliesLoaded (0ms)
		ExecutionOrderSort2 (0ms)
		AwakeInstancesAfterBackupRestoration (19ms)
Refreshing native plugins compatible for Editor in 1.58 ms, found 3 plugins.
Preloading 0 native plugins for Editor in 0.00 ms.
Unloading 0 Unused Serialized files (Serialized files now loaded: 0)
Unloading 3852 unused Assets / (1.1 MB). Loaded Objects now: 4412.
Memory consumption went from 88.6 MB to 87.5 MB.
Total: 11.335100 ms (FindLiveObjects: 0.479400 ms CreateObjectMapping: 0.234400 ms MarkObjects: 8.549500 ms  DeleteObjects: 2.069900 ms)

Prepare: number of updated asset objects reloaded= 0
========================================================================
Received Prepare
Begin MonoManager ReloadAssembly
- Loaded All Assemblies, in  1.268 seconds
Refreshing native plugins compatible for Editor in 2.11 ms, found 3 plugins.
Native extension for WindowsStandalone target not found
[Package Manager] Failed to launch server process. Reason: Unity was launched with the -noUpm command-line argument
[Package Manager] Unable to send message (not connected to server process).
[Package Manager] Cannot connect to Unity Package Manager local server
Mono: successfully reloaded assembly
- Finished resetting the current domain, in  1.805 seconds
Domain Reload Profiling: 3076ms
	BeginReloadAssembly (354ms)
		ExecutionOrderSort (0ms)
		DisableScriptedObjects (11ms)
		BackupInstance (0ms)
		ReleaseScriptingObjects (0ms)
		CreateAndSetChildDomain (63ms)
	RebuildCommonClasses (59ms)
	RebuildNativeTypeToScriptingClass (24ms)
	initialDomainReloadingComplete (51ms)
	LoadAllAssembliesAndSetupDomain (782ms)
		LoadAssemblies (675ms)
		RebuildTransferFunctionScriptingTraits (0ms)
		AnalyzeDomain (313ms)
			TypeCache.Refresh (11ms)
				TypeCache.ScanAssembly (0ms)
			BuildScriptInfoCaches (279ms)
			ResolveRequiredComponents (14ms)
	FinalizeReload (1806ms)
		ReleaseScriptCaches (0ms)
		RebuildScriptCaches (0ms)
		SetupLoadedEditorAssemblies (1478ms)
			LogAssemblyErrors (0ms)
			InitializePlatformSupportModulesInManaged (6ms)
			SetLoadedEditorAssemblies (13ms)
			BeforeProcessingInitializeOnLoad (363ms)
			ProcessInitializeOnLoadAttributes (1015ms)
			ProcessInitializeOnLoadMethodAttributes (67ms)
			AfterProcessingInitializeOnLoad (14ms)
			EditorAssembliesLoaded (0ms)
		ExecutionOrderSort2 (0ms)
		AwakeInstancesAfterBackupRestoration (22ms)
Refreshing native plugins compatible for Editor in 2.56 ms, found 3 plugins.
Preloading 0 native plugins for Editor in 0.00 ms.
Unloading 0 Unused Serialized files (Serialized files now loaded: 0)
Unloading 3852 unused Assets / (1.1 MB). Loaded Objects now: 4413.
Memory consumption went from 88.6 MB to 87.5 MB.
Total: 10.889800 ms (FindLiveObjects: 0.684600 ms CreateObjectMapping: 0.395600 ms MarkObjects: 7.719000 ms  DeleteObjects: 2.088800 ms)

Prepare: number of updated asset objects reloaded= 0
========================================================================
Received Prepare
Begin MonoManager ReloadAssembly
- Loaded All Assemblies, in  1.459 seconds
Refreshing native plugins compatible for Editor in 3.39 ms, found 3 plugins.
Native extension for WindowsStandalone target not found
[Package Manager] Failed to launch server process. Reason: Unity was launched with the -noUpm command-line argument
[Package Manager] Unable to send message (not connected to server process).
[Package Manager] Cannot connect to Unity Package Manager local server
Mono: successfully reloaded assembly
- Finished resetting the current domain, in  1.877 seconds
Domain Reload Profiling: 3336ms
	BeginReloadAssembly (433ms)
		ExecutionOrderSort (0ms)
		DisableScriptedObjects (12ms)
		BackupInstance (0ms)
		ReleaseScriptingObjects (0ms)
		CreateAndSetChildDomain (66ms)
	RebuildCommonClasses (113ms)
	RebuildNativeTypeToScriptingClass (31ms)
	initialDomainReloadingComplete (68ms)
	LoadAllAssembliesAndSetupDomain (813ms)
		LoadAssemblies (763ms)
		RebuildTransferFunctionScriptingTraits (0ms)
		AnalyzeDomain (318ms)
			TypeCache.Refresh (15ms)
				TypeCache.ScanAssembly (0ms)
			BuildScriptInfoCaches (282ms)
			ResolveRequiredComponents (11ms)
	FinalizeReload (1878ms)
		ReleaseScriptCaches (0ms)
		RebuildScriptCaches (0ms)
		SetupLoadedEditorAssemblies (1549ms)
			LogAssemblyErrors (0ms)
			InitializePlatformSupportModulesInManaged (5ms)
			SetLoadedEditorAssemblies (13ms)
			BeforeProcessingInitializeOnLoad (398ms)
			ProcessInitializeOnLoadAttributes (1048ms)
			ProcessInitializeOnLoadMethodAttributes (67ms)
			AfterProcessingInitializeOnLoad (17ms)
			EditorAssembliesLoaded (1ms)
		ExecutionOrderSort2 (0ms)
		AwakeInstancesAfterBackupRestoration (25ms)
Refreshing native plugins compatible for Editor in 3.29 ms, found 3 plugins.
Preloading 0 native plugins for Editor in 0.00 ms.
Unloading 0 Unused Serialized files (Serialized files now loaded: 0)
Unloading 3852 unused Assets / (1.0 MB). Loaded Objects now: 4414.
Memory consumption went from 88.6 MB to 87.6 MB.
Total: 12.630100 ms (FindLiveObjects: 0.757400 ms CreateObjectMapping: 0.547800 ms MarkObjects: 8.973400 ms  DeleteObjects: 2.348300 ms)

Prepare: number of updated asset objects reloaded= 0
========================================================================
Received Import Request.
  Time since last request: 72.820754 seconds.
  path: Assets/sprites/Materials/grass tile.mat
  artifactKey: Guid(dd294f83b6a541947a184ea6b1867fac) Importer(815301076,1909f56bfc062723c751e8b465ee728b)
Start importing Assets/sprites/Materials/grass tile.mat using Guid(dd294f83b6a541947a184ea6b1867fac) Importer(815301076,1909f56bfc062723c751e8b465ee728b) (PreviewImporter) -> (artifact id: '605c975c20c0445e7be7aaaaec3d1000') in 0.1337604 seconds
Number of updated asset objects reloaded before import = 0Number of asset objects unloaded after import = 2

========================================================================
Received Prepare
Begin MonoManager ReloadAssembly
[Licensing::Client] Successfully resolved entitlement details
- Loaded All Assemblies, in  1.256 seconds
Refreshing native plugins compatible for Editor in 2.36 ms, found 3 plugins.
Native extension for WindowsStandalone target not found
[Package Manager] Failed to launch server process. Reason: Unity was launched with the -noUpm command-line argument
[Package Manager] Unable to send message (not connected to server process).
[Package Manager] Cannot connect to Unity Package Manager local server
Mono: successfully reloaded assembly
- Finished resetting the current domain, in  1.764 seconds
Domain Reload Profiling: 3022ms
	BeginReloadAssembly (389ms)
		ExecutionOrderSort (0ms)
		DisableScriptedObjects (12ms)
		BackupInstance (0ms)
		ReleaseScriptingObjects (0ms)
		CreateAndSetChildDomain (64ms)
	RebuildCommonClasses (81ms)
	RebuildNativeTypeToScriptingClass (16ms)
	initialDomainReloadingComplete (50ms)
	LoadAllAssembliesAndSetupDomain (722ms)
		LoadAssemblies (657ms)
		RebuildTransferFunctionScriptingTraits (0ms)
		AnalyzeDomain (290ms)
			TypeCache.Refresh (13ms)
				TypeCache.ScanAssembly (0ms)
			BuildScriptInfoCaches (252ms)
			ResolveRequiredComponents (15ms)
	FinalizeReload (1764ms)
		ReleaseScriptCaches (0ms)
		RebuildScriptCaches (0ms)
		SetupLoadedEditorAssemblies (1451ms)
			LogAssemblyErrors (0ms)
			InitializePlatformSupportModulesInManaged (5ms)
			SetLoadedEditorAssemblies (12ms)
			BeforeProcessingInitializeOnLoad (362ms)
			ProcessInitializeOnLoadAttributes (993ms)
			ProcessInitializeOnLoadMethodAttributes (66ms)
			AfterProcessingInitializeOnLoad (13ms)
			EditorAssembliesLoaded (1ms)
		ExecutionOrderSort2 (0ms)
		AwakeInstancesAfterBackupRestoration (17ms)
Refreshing native plugins compatible for Editor in 2.02 ms, found 3 plugins.
Preloading 0 native plugins for Editor in 0.00 ms.
Unloading 0 Unused Serialized files (Serialized files now loaded: 0)
Unloading 3852 unused Assets / (1.1 MB). Loaded Objects now: 4415.
Memory consumption went from 88.6 MB to 87.5 MB.
Total: 14.325500 ms (FindLiveObjects: 0.891100 ms CreateObjectMapping: 0.951300 ms MarkObjects: 10.147600 ms  DeleteObjects: 2.331800 ms)

Prepare: number of updated asset objects reloaded= 0
========================================================================
Received Import Request.
  Time since last request: 29.051119 seconds.
  path: Assets/sprites/Materials/grass tile.mat
  artifactKey: Guid(dd294f83b6a541947a184ea6b1867fac) Importer(815301076,1909f56bfc062723c751e8b465ee728b)
Start importing Assets/sprites/Materials/grass tile.mat using Guid(dd294f83b6a541947a184ea6b1867fac) Importer(815301076,1909f56bfc062723c751e8b465ee728b) (PreviewImporter) -> (artifact id: 'cc4224c8d6bf5aecbb96aea56026c458') in 0.1309948 seconds
Number of updated asset objects reloaded before import = 0Number of asset objects unloaded after import = 2

========================================================================
Received Import Request.
  Time since last request: 138.493796 seconds.
  path: Assets/Scenes/SampleScene.unity
  artifactKey: Guid(9fc0d4010bbf28b4594072e72b8655ab) Importer(2089858483,192608db42251d675da83286b1cce702)
Start importing Assets/Scenes/SampleScene.unity using Guid(9fc0d4010bbf28b4594072e72b8655ab) Importer(2089858483,192608db42251d675da83286b1cce702) (ScriptedImporter) -> (artifact id: '3703f42bd844ce7cf4304558f806505b') in 0.1267784 seconds
Number of updated asset objects reloaded before import = 0Number of asset objects unloaded after import = 1

========================================================================
Received Import Request.
  Time since last request: 0.000180 seconds.
  path: Assets/sprites
  artifactKey: Guid(84e2734ad8e73a243a747b21cb92437a) Importer(2089858483,192608db42251d675da83286b1cce702)
Start importing Assets/sprites using Guid(84e2734ad8e73a243a747b21cb92437a) Importer(2089858483,192608db42251d675da83286b1cce702) (ScriptedImporter) -> (artifact id: 'e83dfc420d7ba7296ed72c42fa7634ed') in 0.0262573 seconds
Number of updated asset objects reloaded before import = 0Number of asset objects unloaded after import = 1

========================================================================
Received Import Request.
  Time since last request: 0.000130 seconds.
  path: Assets/sprites/characters/alien.png
  artifactKey: Guid(f41c73a3b65c92f43a043fb8e04aea3c) Importer(2089858483,192608db42251d675da83286b1cce702)
Start importing Assets/sprites/characters/alien.png using Guid(f41c73a3b65c92f43a043fb8e04aea3c) Importer(2089858483,192608db42251d675da83286b1cce702) (ScriptedImporter) -> (artifact id: 'c25917990321ab49cdac4d750dcd0e52') in 0.2329317 seconds
Number of updated asset objects reloaded before import = 0Number of asset objects unloaded after import = 3

========================================================================
Received Import Request.
  Time since last request: 0.000069 seconds.
  path: Assets/sprites/characters/alien photo.png
  artifactKey: Guid(40ca9ba0062d2964d968f225d110c202) Importer(2089858483,192608db42251d675da83286b1cce702)
Start importing Assets/sprites/characters/alien photo.png using Guid(40ca9ba0062d2964d968f225d110c202) Importer(2089858483,192608db42251d675da83286b1cce702) (ScriptedImporter) -> (artifact id: '6510cb500e68efb542c647180e89b950') in 0.0586416 seconds
Number of updated asset objects reloaded before import = 0Number of asset objects unloaded after import = 3

========================================================================
Received Import Request.
  Time since last request: 0.000123 seconds.
  path: Assets/sprites/gate.png
  artifactKey: Guid(77b729056035df7468d17a9df61d6c8d) Importer(2089858483,192608db42251d675da83286b1cce702)
Start importing Assets/sprites/gate.png using Guid(77b729056035df7468d17a9df61d6c8d) Importer(2089858483,192608db42251d675da83286b1cce702) (ScriptedImporter) -> (artifact id: '424f9f01a41949f1c67f70f6b0c5739d') in 0.0643696 seconds
Number of updated asset objects reloaded before import = 0Number of asset objects unloaded after import = 3

========================================================================
Received Import Request.
  Time since last request: 0.000089 seconds.
  path: Assets/sprites/enviroment/wall.png
  artifactKey: Guid(63e3c81cfeb18754c948584b5950f45a) Importer(2089858483,192608db42251d675da83286b1cce702)
Start importing Assets/sprites/enviroment/wall.png using Guid(63e3c81cfeb18754c948584b5950f45a) Importer(2089858483,192608db42251d675da83286b1cce702) (ScriptedImporter) -> (artifact id: '6153124933c41f16cc0a45bef03d59f2') in 0.0627926 seconds
Number of updated asset objects reloaded before import = 0Number of asset objects unloaded after import = 3

========================================================================
Received Import Request.
  Time since last request: 0.000090 seconds.
  path: Assets/interactable object.prefab
  artifactKey: Guid(4ea3cceb8931bf54e8b5935479b473bc) Importer(2089858483,192608db42251d675da83286b1cce702)
Start importing Assets/interactable object.prefab using Guid(4ea3cceb8931bf54e8b5935479b473bc) Importer(2089858483,192608db42251d675da83286b1cce702) (ScriptedImporter) -> (artifact id: 'd73d4ad073e14b395ddce1c052fdf903') in 0.1177658 seconds
Number of updated asset objects reloaded before import = 0Number of asset objects unloaded after import = 7

========================================================================
Received Import Request.
  Time since last request: 0.000092 seconds.
  path: Assets/interactable.unity
  artifactKey: Guid(11bb2285dfdfbe24a9077c80c1fbeec7) Importer(2089858483,192608db42251d675da83286b1cce702)
Start importing Assets/interactable.unity using Guid(11bb2285dfdfbe24a9077c80c1fbeec7) Importer(2089858483,192608db42251d675da83286b1cce702) (ScriptedImporter) -> (artifact id: 'abcbd9902c72dbf360e93791788896b2') in 0.0294602 seconds
Number of updated asset objects reloaded before import = 0Number of asset objects unloaded after import = 1

========================================================================
Received Import Request.
  Time since last request: 0.000239 seconds.
  path: Assets/sprites/characters/alien space ship.png
  artifactKey: Guid(155fdb7546438b74f9eb8de2ccedb802) Importer(2089858483,192608db42251d675da83286b1cce702)
Start importing Assets/sprites/characters/alien space ship.png using Guid(155fdb7546438b74f9eb8de2ccedb802) Importer(2089858483,192608db42251d675da83286b1cce702) (ScriptedImporter) -> (artifact id: '32dd264210b89af3bb61e0050ce1186a') in 0.0725924 seconds
Number of updated asset objects reloaded before import = 0Number of asset objects unloaded after import = 3

========================================================================
Received Import Request.
  Time since last request: 0.000082 seconds.
  path: Assets/sprites/Materials/wall.mat
  artifactKey: Guid(dacca63279d9a3c4db2a196acedd4ddd) Importer(2089858483,192608db42251d675da83286b1cce702)
Start importing Assets/sprites/Materials/wall.mat using Guid(dacca63279d9a3c4db2a196acedd4ddd) Importer(2089858483,192608db42251d675da83286b1cce702) (ScriptedImporter) -> (artifact id: 'e13a91c2010814122e40a8e6eb0be4e0') in 0.0456424 seconds
Number of updated asset objects reloaded before import = 0Number of asset objects unloaded after import = 2

========================================================================
Received Import Request.
  Time since last request: 0.000032 seconds.
  path: Assets/sprites/characters/stalker.png
  artifactKey: Guid(f2bb954f613fec7408e2e2f752e706a9) Importer(2089858483,192608db42251d675da83286b1cce702)
Start importing Assets/sprites/characters/stalker.png using Guid(f2bb954f613fec7408e2e2f752e706a9) Importer(2089858483,192608db42251d675da83286b1cce702) (ScriptedImporter) -> (artifact id: '1a5fe6ae2f5545d4f52aac4ace4df9f7') in 0.065226 seconds
Number of updated asset objects reloaded before import = 0Number of asset objects unloaded after import = 3

========================================================================
Received Import Request.
  Time since last request: 0.000100 seconds.
  path: Assets/sprites/Materials
  artifactKey: Guid(74cd076fb4421cd4bb7387749112bf04) Importer(2089858483,192608db42251d675da83286b1cce702)
Start importing Assets/sprites/Materials using Guid(74cd076fb4421cd4bb7387749112bf04) Importer(2089858483,192608db42251d675da83286b1cce702) (ScriptedImporter) -> (artifact id: 'd0cc949627d8fb77ca1c45c95d3a9d06') in 0.0275448 seconds
Number of updated asset objects reloaded before import = 0Number of asset objects unloaded after import = 1

========================================================================
Received Import Request.
  Time since last request: 0.000277 seconds.
  path: Assets/sprites/tree medium slim.png
  artifactKey: Guid(dff81d69a7e11364d8c38dfd13e50ca3) Importer(2089858483,192608db42251d675da83286b1cce702)
Start importing Assets/sprites/tree medium slim.png using Guid(dff81d69a7e11364d8c38dfd13e50ca3) Importer(2089858483,192608db42251d675da83286b1cce702) (ScriptedImporter) -> (artifact id: '012a5414fc17b95f5640af1c5e07eb25') in 0.064212 seconds
Number of updated asset objects reloaded before import = 0Number of asset objects unloaded after import = 3

========================================================================
Received Import Request.
  Time since last request: 0.000036 seconds.
  path: Assets/sprites/Tree Tall straight.png
  artifactKey: Guid(5b2a46e7f2b0ef34cbf16e1031ad4eaa) Importer(2089858483,192608db42251d675da83286b1cce702)
Start importing Assets/sprites/Tree Tall straight.png using Guid(5b2a46e7f2b0ef34cbf16e1031ad4eaa) Importer(2089858483,192608db42251d675da83286b1cce702) (ScriptedImporter) -> (artifact id: '0fb6747eb26fbaf3aa9be47da94dcf84') in 0.0618753 seconds
Number of updated asset objects reloaded before import = 0Number of asset objects unloaded after import = 3

========================================================================
Received Import Request.
  Time since last request: 0.000390 seconds.
  path: Assets/sprites/enviroment
  artifactKey: Guid(631d0d8ba4281c24c94c2ecf3ae9579b) Importer(2089858483,192608db42251d675da83286b1cce702)
Start importing Assets/sprites/enviroment using Guid(631d0d8ba4281c24c94c2ecf3ae9579b) Importer(2089858483,192608db42251d675da83286b1cce702) (ScriptedImporter) -> (artifact id: '01ee0c4cf0d5a5cdf77064afc43f18d6') in 0.0283554 seconds
Number of updated asset objects reloaded before import = 0Number of asset objects unloaded after import = 1

========================================================================
Received Import Request.
  Time since last request: 0.000750 seconds.
  path: Assets/sprites/enviroment/path straight.png
  artifactKey: Guid(e3c3be87c4efb3642b9b8e006baff442) Importer(2089858483,192608db42251d675da83286b1cce702)
Start importing Assets/sprites/enviroment/path straight.png using Guid(e3c3be87c4efb3642b9b8e006baff442) Importer(2089858483,192608db42251d675da83286b1cce702) (ScriptedImporter) -> (artifact id: '464358344111a8dc31831503d85deb72') in 0.0674212 seconds
Number of updated asset objects reloaded before import = 0Number of asset objects unloaded after import = 3

========================================================================
Received Import Request.
  Time since last request: 0.000058 seconds.
  path: Assets/Scripts
  artifactKey: Guid(c4ade9dc86af22f46b332d1af25a6a7f) Importer(2089858483,192608db42251d675da83286b1cce702)
Start importing Assets/Scripts using Guid(c4ade9dc86af22f46b332d1af25a6a7f) Importer(2089858483,192608db42251d675da83286b1cce702) (ScriptedImporter) -> (artifact id: '002b5f819b58141458d4e67cdd7e67d8') in 0.0278047 seconds
Number of updated asset objects reloaded before import = 0Number of asset objects unloaded after import = 1

========================================================================
Received Import Request.
  Time since last request: 0.000069 seconds.
  path: Assets/sprites/characters/guineapig home.png
  artifactKey: Guid(526141396d02ef64cb153c65f9aab200) Importer(2089858483,192608db42251d675da83286b1cce702)
Start importing Assets/sprites/characters/guineapig home.png using Guid(526141396d02ef64cb153c65f9aab200) Importer(2089858483,192608db42251d675da83286b1cce702) (ScriptedImporter) -> (artifact id: '872b1af6dd651acebe27936bb86ee231') in 0.0638555 seconds
Number of updated asset objects reloaded before import = 0Number of asset objects unloaded after import = 3

========================================================================
Received Import Request.
  Time since last request: 0.000106 seconds.
  path: Assets/Scenes
  artifactKey: Guid(9c53962885c2c4f449125a979d6ad240) Importer(2089858483,192608db42251d675da83286b1cce702)
Start importing Assets/Scenes using Guid(9c53962885c2c4f449125a979d6ad240) Importer(2089858483,192608db42251d675da83286b1cce702) (ScriptedImporter) -> (artifact id: '16838d1ec01cd8373b8bd5fa700c9620') in 0.0263292 seconds
Number of updated asset objects reloaded before import = 0Number of asset objects unloaded after import = 1

========================================================================
Received Import Request.
  Time since last request: 0.000180 seconds.
  path: Assets/sprites/Tree Tall curvy.png
  artifactKey: Guid(307e474dc4778c24e9c442d5e11d161a) Importer(2089858483,192608db42251d675da83286b1cce702)
Start importing Assets/sprites/Tree Tall curvy.png using Guid(307e474dc4778c24e9c442d5e11d161a) Importer(2089858483,192608db42251d675da83286b1cce702) (ScriptedImporter) -> (artifact id: '18df4961258478e231081399b952a9e9') in 0.069337 seconds
Number of updated asset objects reloaded before import = 0Number of asset objects unloaded after import = 3

========================================================================
Received Import Request.
  Time since last request: 0.000160 seconds.
  path: Assets/PlayerInputActions.cs
  artifactKey: Guid(05d656c4caf559a47afb11da1d597fc9) Importer(2089858483,192608db42251d675da83286b1cce702)
Start importing Assets/PlayerInputActions.cs using Guid(05d656c4caf559a47afb11da1d597fc9) Importer(2089858483,192608db42251d675da83286b1cce702) (ScriptedImporter) -> (artifact id: '0c4a86a634d64434ce0cc9d1fbef508e') in 0.038764 seconds
Number of updated asset objects reloaded before import = 0Number of asset objects unloaded after import = 0

========================================================================
Received Import Request.
  Time since last request: 0.000170 seconds.
  path: Assets/sprites/enviroment/path turn.png
  artifactKey: Guid(0e68294367e8640429fa073fffd6c57b) Importer(2089858483,192608db42251d675da83286b1cce702)
Start importing Assets/sprites/enviroment/path turn.png using Guid(0e68294367e8640429fa073fffd6c57b) Importer(2089858483,192608db42251d675da83286b1cce702) (ScriptedImporter) -> (artifact id: 'd6fa7076af99e78e2b798bfe5ce2048d') in 0.076301 seconds
Number of updated asset objects reloaded before import = 0Number of asset objects unloaded after import = 3

========================================================================
Received Import Request.
  Time since last request: 0.000067 seconds.
  path: Assets/sprites/characters
  artifactKey: Guid(7bce7be5f7110d24e98f767f4ccc2d80) Importer(2089858483,192608db42251d675da83286b1cce702)
Start importing Assets/sprites/characters using Guid(7bce7be5f7110d24e98f767f4ccc2d80) Importer(2089858483,192608db42251d675da83286b1cce702) (ScriptedImporter) -> (artifact id: '91b4694f09b834c327ae56715662f147') in 0.0274469 seconds
Number of updated asset objects reloaded before import = 0Number of asset objects unloaded after import = 1

========================================================================
Received Import Request.
  Time since last request: 0.000221 seconds.
  path: Assets/sprites/Materials/grass tile.mat
  artifactKey: Guid(dd294f83b6a541947a184ea6b1867fac) Importer(2089858483,192608db42251d675da83286b1cce702)
Start importing Assets/sprites/Materials/grass tile.mat using Guid(dd294f83b6a541947a184ea6b1867fac) Importer(2089858483,192608db42251d675da83286b1cce702) (ScriptedImporter) -> (artifact id: '63324f74b835ee29f0491700a4842008') in 0.0343559 seconds
Number of updated asset objects reloaded before import = 0Number of asset objects unloaded after import = 2

========================================================================
Received Import Request.
  Time since last request: 0.000248 seconds.
  path: Assets/terrain prefabs/tree medium slim.prefab
  artifactKey: Guid(0fe0cc17f8efd4a4cb098f23d73e3cb3) Importer(2089858483,192608db42251d675da83286b1cce702)
Start importing Assets/terrain prefabs/tree medium slim.prefab using Guid(0fe0cc17f8efd4a4cb098f23d73e3cb3) Importer(2089858483,192608db42251d675da83286b1cce702) (ScriptedImporter) -> (artifact id: 'b12c6aaedf1b9d78112b46d2fa1d01d7') in 0.0508105 seconds
Number of updated asset objects reloaded before import = 0Number of asset objects unloaded after import = 8

Editor requested this worker to shutdown with reason: Scaling down because of idle timeout
AssetImportWorker is now disconnected from the server
Process exiting
Exiting without the bug reporter. Application will terminate with return code 0